<?xml version="1.0" encoding="UTF-8"?>
<!-- Generated by org.testng.reporters.JUnitReportReporter -->
<testsuite hostname="DESKTOP-QKBDO9A" failures="0" tests="1" name="practise.AppiumFramework.ApiDemoTest" time="49.161" errors="0" timestamp="28 Sep 2020 09:41:15 GMT">
  <testcase classname="practise.AppiumFramework.ApiDemoTest" name="apiDemoTest" time="49.161"/>
</testsuite> <!-- practise.AppiumFramework.ApiDemoTest -->
