<?xml version="1.0" encoding="UTF-8"?>
<!-- Generated by org.testng.reporters.JUnitReportReporter -->
<testsuite hostname="DESKTOP-QKBDO9A" failures="0" tests="1" name="practise.AppiumFramework.Ecommerce_tc_4" time="45.953" errors="0" timestamp="19 Sep 2020 03:57:20 GMT">
  <testcase classname="practise.AppiumFramework.Ecommerce_tc_4" name="totalValidation" time="45.953"/>
</testsuite> <!-- practise.AppiumFramework.Ecommerce_tc_4 -->
